<?xml version="1.0" encoding="UTF-8"?>
<!-- Generated by org.testng.reporters.JUnitReportReporter -->
<testsuite hostname="user-MS-7B28" failures="0" tests="1" name="Lits.Homework9.AppTest" time="13.584" errors="0" timestamp="04 Jan 2019 16:11:16 GMT" skipped="0">
  <testcase classname="Lits.Homework9.AppTest" name="litsNavigationLessonsTest" time="13.584"/>
</testsuite> <!-- Lits.Homework9.AppTest -->
